[debug] [2020-12-25T17:01:33.358Z] ----------------------------------------------------------------------
[debug] [2020-12-25T17:01:33.360Z] Command:       C:\Program Files\nodejs\node.exe C:\Users\oguzh\AppData\Roaming\npm\node_modules\firebase-tools\lib\bin\firebase.js init
[debug] [2020-12-25T17:01:33.360Z] CLI Version:   9.1.0
[debug] [2020-12-25T17:01:33.360Z] Platform:      win32
[debug] [2020-12-25T17:01:33.360Z] Node Version:  v12.16.3
[debug] [2020-12-25T17:01:33.361Z] Time:          Fri Dec 25 2020 20:01:33 GMT+0300 (GMT+03:00)
[debug] [2020-12-25T17:01:33.362Z] ----------------------------------------------------------------------
[debug] [2020-12-25T17:01:33.362Z] 
[debug] [2020-12-25T17:01:33.364Z] >>> [apiv2][query] GET https://firebase-public.firebaseio.com/cli.json [none]
[debug] [2020-12-25T17:01:33.385Z] > command requires scopes: ["email","openid","https://www.googleapis.com/auth/cloudplatformprojects.readonly","https://www.googleapis.com/auth/firebase","https://www.googleapis.com/auth/cloud-platform"]
[debug] [2020-12-25T17:01:33.386Z] > authorizing via signed-in user
[info] 
     ######## #### ########  ######## ########     ###     ######  ########
     ##        ##  ##     ## ##       ##     ##  ##   ##  ##       ##
     ######    ##  ########  ######   ########  #########  ######  ######
     ##        ##  ##    ##  ##       ##     ## ##     ##       ## ##
     ##       #### ##     ## ######## ########  ##     ##  ######  ########

You're about to initialize a Firebase project in this directory:

  C:\Users\oguzh\Desktop\courses\caseStudy\linkedin\linkedin-page

[debug] [2020-12-25T17:01:34.016Z] <<< [apiv2][status] GET https://firebase-public.firebaseio.com/cli.json 200
[debug] [2020-12-25T17:01:34.016Z] <<< [apiv2][body] GET https://firebase-public.firebaseio.com/cli.json {"cloudBuildErrorAfter":1594252800000,"cloudBuildWarnAfter":1590019200000,"defaultNode10After":1594252800000,"minVersion":"3.0.5","node8DeploysDisabledAfter":1613390400000,"node8RuntimeDisabledAfter":1615809600000,"node8WarnAfter":1600128000000}
